<?xml version="1.0" encoding="utf-8"?><testsuites name="pytest tests"><testsuite name="pytest" errors="0" failures="0" skipped="0" tests="332" time="30.870" timestamp="2026-09-12T18:52:34.312870+08:00" hostname="localhost"><testcase classname="tests.test_data" name="test_parse_table_supports_csv_json_and_jsonl" time="0.001" /><testcase classname="tests.test_data" name="test_parse_table_rejects_unsupported_or_malformed_tables" time="0.000" /><testcase classname="tests.test_data" name="test_parse_table_rejects_header_only_csv_above_column_limit" time="0.000" /><testcase classname="tests.test_data" name="test_profile_reports_shape_missing_unique_and_inferred_types" time="0.000" /><testcase classname="tests.test_data" name="test_transform_executes_each_catalog_operation_without_mutating_input[operation0-expected0]" time="0.000" /><testcase classname="tests.test_data" name="test_transform_executes_each_catalog_operation_without_mutating_input[operation1-expected1]" time="0.000" /><testcase classname="tests.test_data" name="test_transform_executes_each_catalog_operation_without_mutating_input[operation2-expected2]" time="0.000" /><testcase classname="tests.test_data" name="test_transform_executes_each_catalog_operation_without_mutating_input[operation3-expected3]" time="0.000" /><testcase classname="tests.test_data" name="test_transform_executes_each_catalog_operation_without_mutating_input[operation4-expected4]" time="0.000" /><testcase classname="tests.test_data" name="test_transform_executes_each_catalog_operation_without_mutating_input[operation5-expected5]" time="0.000" /><testcase classname="tests.test_data" name="test_transform_executes_each_catalog_operation_without_mutating_input[operation6-expected6]" time="0.000" /><testcase classname="tests.test_data" name="test_transform_executes_each_catalog_operation_without_mutating_input[operation7-expected7]" time="0.000" /><testcase classname="tests.test_data" name="test_transform_executes_each_catalog_operation_without_mutating_input[operation8-expected8]" time="0.000" /><testcase classname="tests.test_data" name="test_transform_executes_each_catalog_operation_without_mutating_input[operation9-expected9]" time="0.000" /><testcase classname="tests.test_data" name="test_transform_drop_duplicates_keeps_the_first_matching_row" time="0.000" /><testcase classname="tests.test_data" name="test_transform_rejects_unknown_operations_fields_and_unsafe_comparisons" time="0.000" /><testcase classname="tests.test_data" name="test_transform_rejects_unexpected_keys_for_every_operation_schema[operation0]" time="0.000" /><testcase classname="tests.test_data" name="test_transform_rejects_unexpected_keys_for_every_operation_schema[operation1]" time="0.000" /><testcase classname="tests.test_data" name="test_transform_rejects_unexpected_keys_for_every_operation_schema[operation2]" time="0.000" /><testcase classname="tests.test_data" name="test_transform_rejects_unexpected_keys_for_every_operation_schema[operation3]" time="0.000" /><testcase classname="tests.test_data" name="test_transform_rejects_unexpected_keys_for_every_operation_schema[operation4]" time="0.000" /><testcase classname="tests.test_data" name="test_transform_rejects_unexpected_keys_for_every_operation_schema[operation5]" time="0.000" /><testcase classname="tests.test_data" name="test_transform_rejects_unexpected_keys_for_every_operation_schema[operation6]" time="0.000" /><testcase classname="tests.test_data" name="test_transform_rejects_unexpected_keys_for_every_operation_schema[operation7]" time="0.000" /><testcase classname="tests.test_data" name="test_transform_rejects_unexpected_keys_for_every_operation_schema[operation8]" time="0.000" /><testcase classname="tests.test_data" name="test_transform_rejects_unexpected_keys_for_every_operation_schema[operation9]" time="0.000" /><testcase classname="tests.test_data" name="test_transform_rejects_unexpected_keys_for_every_operation_schema[operation10]" time="0.000" /><testcase classname="tests.test_data" name="test_transform_rejects_non_string_filter_operator_with_value_error" time="0.000" /><testcase classname="tests.test_data" name="test_transform_rejects_explicit_null_optional_columns" time="0.000" /><testcase classname="tests.test_data" name="test_split_rows_is_seeded_complete_and_independent" time="0.000" /><testcase classname="tests.test_data" name="test_parse_archive_merges_only_supported_safe_tables" time="0.001" /><testcase classname="tests.test_data" name="test_parse_archive_rejects_traversal_symlinks_and_compression_bombs" time="0.006" /><testcase classname="tests.test_data" name="test_parse_archive_rejects_aggregate_tables_above_column_limit" time="0.001" /><testcase classname="tests.test_data_features" name="test_metadata_catalog_archive_and_persistence" time="0.071" /><testcase classname="tests.test_data_features" name="test_archive_denies_live_references[job-payload]" time="0.037" /><testcase classname="tests.test_data_features" name="test_archive_denies_live_references[model-dataset_id]" time="0.040" /><testcase classname="tests.test_data_features" name="test_archive_denies_live_references[workflow-nodes]" time="0.036" /><testcase classname="tests.test_data_features" name="test_archive_denies_live_references[approval-asset_id]" time="0.043" /><testcase classname="tests.test_data_features" name="test_archive_denies_live_references[model_evaluation-dataset_id]" time="0.041" /><testcase classname="tests.test_data_features" name="test_catalog_partitions_and_comparisons_scope_and_atomicity" time="0.060" /><testcase classname="tests.test_data_features" name="test_distribution_exact_values_and_partition_validation" time="0.000" /><testcase classname="tests.test_data_features" name="test_real_semistructured_import[.yaml-- name: Ada\n  score: 3\n-expected0]" time="0.138" /><testcase classname="tests.test_data_features" name="test_real_semistructured_import[.xml-&lt;rows&gt;&lt;row id=&quot;a&quot;&gt;&lt;name&gt;Ada&lt;/name&gt;&lt;score&gt;3&lt;/score&gt;&lt;/row&gt;&lt;/rows&gt;-expected1]" time="0.000" /><testcase classname="tests.test_data_features" name="test_real_semistructured_import[.html-&lt;table&gt;&lt;tr&gt;&lt;th&gt;name&lt;/th&gt;&lt;th&gt;score&lt;/th&gt;&lt;/tr&gt;&lt;tr&gt;&lt;td&gt;&lt;b&gt;Ada&lt;/b&gt;&lt;script&gt;evil()&lt;/script&gt;&lt;/td&gt;&lt;td&gt;3&lt;/td&gt;&lt;/tr&gt;&lt;/table&gt;-expected2]" time="0.001" /><testcase classname="tests.test_data_features" name="test_xlsx_and_parquet_import_real_values" time="0.110" /><testcase classname="tests.test_data_features" name="test_import_rejects_unsafe_or_fake_inputs[a.yaml-- x: &amp;a [1]\n- x: *a]" time="0.001" /><testcase classname="tests.test_data_features" name="test_import_rejects_unsafe_or_fake_inputs[a.yaml-- x: !!python/object/apply:os.system [echo]]" time="0.001" /><testcase classname="tests.test_data_features" name="test_import_rejects_unsafe_or_fake_inputs[a.yaml-- x: 1\n  x: 2]" time="0.001" /><testcase classname="tests.test_data_features" name="test_import_rejects_unsafe_or_fake_inputs[a.yaml-- x: .nan]" time="0.001" /><testcase classname="tests.test_data_features" name="test_import_rejects_unsafe_or_fake_inputs[a.xml-&lt;!DOCTYPE x [&lt;!ENTITY y SYSTEM &quot;file:///etc/passwd&quot;&gt;]&gt;&lt;x&gt;&lt;r&gt;&lt;v&gt;&amp;y;&lt;/v&gt;&lt;/r&gt;&lt;/x&gt;]" time="0.000" /><testcase classname="tests.test_data_features" name="test_import_rejects_unsafe_or_fake_inputs[a.xml-&lt;x&gt;&lt;r&gt;&lt;v&gt;&lt;nested/&gt;&lt;/v&gt;&lt;/r&gt;&lt;/x&gt;]" time="0.000" /><testcase classname="tests.test_data_features" name="test_import_rejects_unsafe_or_fake_inputs[a.html-&lt;table&gt;&lt;tr&gt;&lt;th colspan=&quot;2&quot;&gt;x&lt;/th&gt;&lt;/tr&gt;&lt;/table&gt;]" time="0.000" /><testcase classname="tests.test_data_features" name="test_import_rejects_unsafe_or_fake_inputs[a.parquet-not parquet]" time="0.001" /><testcase classname="tests.test_data_features" name="test_image_import_preview_and_scope" time="0.095" /><testcase classname="tests.test_data_features" name="test_video_probe_real_container[.mp4]" time="0.156" /><testcase classname="tests.test_data_features" name="test_video_probe_real_container[.avi]" time="0.148" /><testcase classname="tests.test_data_features" name="test_video_probe_real_container[.mkv]" time="0.158" /><testcase classname="tests.test_data_features" name="test_independent_blinded_classification_review_export_and_restart" time="0.074" /><testcase classname="tests.test_data_features" name="test_annotation_types_real_export[row_classification-values0-good]" time="0.050" /><testcase classname="tests.test_data_features" name="test_annotation_types_real_export[span-values1-expected1]" time="0.059" /><testcase classname="tests.test_data_features" name="test_annotation_types_real_export[qa-values2-expected2]" time="0.053" /><testcase classname="tests.test_data_features" name="test_annotation_assignment_offsets_permissions_and_quota" time="0.058" /><testcase classname="tests.test_data_features" name="test_quota_failure_rolls_back_versions_media_and_annotations" time="0.052" /><testcase classname="tests.test_data_features" name="test_parser_depth_dimension_and_archive_limits" time="0.008" /><testcase classname="tests.test_data_features" name="test_media_frame_limit_and_missing_video_probe" time="0.188" /><testcase classname="tests.test_data_features" name="test_annotation_strict_row_indexes_qa_offsets_and_reserved_export_column" time="0.064" /><testcase classname="tests.test_data_features" name="test_long_version_lineage_avoids_recursion_limits" time="0.005" /><testcase classname="tests.test_data_features" name="test_distribution_finite_extremes" time="0.000" /><testcase classname="tests.test_feature_integration" name="test_all_routers_install_exactly_once" time="0.171" /><testcase classname="tests.test_feature_integration" name="test_archive_blocks_core_new_work_but_keeps_historical_reads" time="0.068" /><testcase classname="tests.test_integration_features" name="test_source_package_persistence_immutable_archive_and_quota" time="0.131" /><testcase classname="tests.test_integration_features" name="test_wheel_manifest_requirements_and_exact_docker_export" time="0.107" /><testcase classname="tests.test_integration_features" name="test_tar_pyproject_and_requirement_discovery" time="0.107" /><testcase classname="tests.test_integration_features" name="test_zip_member_traversal_rejected[../escape.py]" time="0.276" /><testcase classname="tests.test_integration_features" name="test_zip_member_traversal_rejected[/escape.py]" time="0.096" /><testcase classname="tests.test_integration_features" name="test_zip_member_traversal_rejected[a/../b.py]" time="0.086" /><testcase classname="tests.test_integration_features" name="test_zip_member_traversal_rejected[a\\b.py]" time="0.077" /><testcase classname="tests.test_integration_features" name="test_zip_member_traversal_rejected[C:/bad.py]" time="0.088" /><testcase classname="tests.test_integration_features" name="test_zip_member_traversal_rejected[a//b.py]" time="0.073" /><testcase classname="tests.test_integration_features" name="test_zip_member_traversal_rejected[a/./b.py]" time="0.069" /><testcase classname="tests.test_integration_features" name="test_zip_member_traversal_rejected[x\x01.py]" time="0.095" /><testcase classname="tests.test_integration_features" name="test_archive_duplicates_links_conflicts_bombs_and_corruption" time="0.320" /><testcase classname="tests.test_integration_features" name="test_invalid_manifest_and_source_upload_limit" time="0.075" /><testcase classname="tests.test_integration_features" name="test_actual_http_protocol_fixture_handshake_session_list_call[json]" time="0.603" /><testcase classname="tests.test_integration_features" name="test_actual_http_protocol_fixture_handshake_session_list_call[sse]" time="0.603" /><testcase classname="tests.test_integration_features" name="test_mcp_config_secret_private_file_masking_and_revision" time="0.592" /><testcase classname="tests.test_integration_features" name="test_mcp_remote_failure_is_bounded_and_redacted[redirect]" time="0.578" /><testcase classname="tests.test_integration_features" name="test_mcp_remote_failure_is_bounded_and_redacted[oversize]" time="0.587" /><testcase classname="tests.test_integration_features" name="test_mcp_remote_failure_is_bounded_and_redacted[bad-version]" time="0.773" /><testcase classname="tests.test_integration_features" name="test_mcp_remote_failure_is_bounded_and_redacted[wrong-id]" time="0.588" /><testcase classname="tests.test_integration_features" name="test_mcp_remote_failure_is_bounded_and_redacted[remote-error]" time="0.592" /><testcase classname="tests.test_integration_features" name="test_mcp_remote_failure_is_bounded_and_redacted[cursor-loop]" time="0.590" /><testcase classname="tests.test_integration_features" name="test_mcp_explicit_invocation_allowlist_limits_and_forbidden_endpoint" time="0.525" /><testcase classname="tests.test_integration_features" name="test_mcp_network_metadata_and_json_depth_limits" time="0.001" /><testcase classname="tests.test_integration_features" name="test_mcp_timeout_and_ambiguous_call_not_retried_or_logged" time="0.597" /><testcase classname="tests.test_integration_features" name="test_config_changed_during_discovery_prevents_call" time="0.601" /><testcase classname="tests.test_integration_features" name="test_secret_redaction_in_keys_and_dns_deadline" time="0.051" /><testcase classname="tests.test_integration_features" name="test_mcp_sse_rejects_malformed_or_unmatched_responses" time="0.000" /><testcase classname="tests.test_integration_features" name="test_package_member_size_limit_and_archived_export" time="0.082" /><testcase classname="tests.test_integration_features" name="test_role_constraints_and_project_isolation" time="0.502" /><testcase classname="tests.test_integration_features" name="test_runtime_unavailable_and_invalid_lifecycle_arguments" time="0.090" /><testcase classname="tests.test_integration_features" name="test_docker_fixture_owned_lifecycle_resource_bounds_and_archive_refs" time="0.096" /><testcase classname="tests.test_integration_features" name="test_docker_fixture_refuses_unowned_container" time="0.077" /><testcase classname="tests.test_integration_features" name="test_docker_fixture_rechecks_ownership_before_delete" time="0.080" /><testcase classname="tests.test_integration_features" name="test_docker_fixture_expiry_stops_only_owned_instance" time="0.095" /><testcase classname="tests.test_integration_features" name="test_new_service_reads_persisted_packages_and_mcp_private_config" time="0.860" /><testcase classname="tests.test_knowledge_features" name="test_actual_text_docx_and_html_parsers[utf8-text]" time="0.001" /><testcase classname="tests.test_knowledge_features" name="test_actual_text_docx_and_html_parsers[markdown]" time="0.000" /><testcase classname="tests.test_knowledge_features" name="test_actual_text_docx_and_html_parsers[docx]" time="0.041" /><testcase classname="tests.test_knowledge_features" name="test_actual_text_docx_and_html_parsers[html]" time="0.001" /><testcase classname="tests.test_knowledge_features" name="test_actual_pdf_and_xlsx_parsers" time="0.370" /><testcase classname="tests.test_knowledge_features" name="test_malformed_and_oversized_inputs_fail_closed[traversal]" time="0.043" /><testcase classname="tests.test_knowledge_features" name="test_malformed_and_oversized_inputs_fail_closed[compressed-bomb]" time="0.038" /><testcase classname="tests.test_knowledge_features" name="test_malformed_and_oversized_inputs_fail_closed[xml-entity]" time="0.040" /><testcase classname="tests.test_knowledge_features" name="test_malformed_and_oversized_inputs_fail_closed[invalid-zip]" time="0.035" /><testcase classname="tests.test_knowledge_features" name="test_malformed_and_oversized_inputs_fail_closed[invalid-xml]" time="0.033" /><testcase classname="tests.test_knowledge_features" name="test_malformed_and_oversized_inputs_fail_closed[invalid-text]" time="0.000" /><testcase classname="tests.test_knowledge_features" name="test_malformed_and_oversized_inputs_fail_closed[text-limit]" time="0.001" /><testcase classname="tests.test_knowledge_features" name="test_malformed_and_oversized_inputs_fail_closed[upload-limit]" time="0.000" /><testcase classname="tests.test_knowledge_features" name="test_malformed_and_oversized_inputs_fail_closed[unsupported-extension]" time="0.000" /><testcase classname="tests.test_knowledge_features" name="test_malformed_and_oversized_inputs_fail_closed[filename-traversal]" time="0.000" /><testcase classname="tests.test_knowledge_features" name="test_malformed_and_oversized_inputs_fail_closed[invalid-pdf]" time="0.035" /><testcase classname="tests.test_knowledge_features" name="test_zip_member_count_and_xml_encoding_guards" time="0.089" /><testcase classname="tests.test_knowledge_features" name="test_pdf_resource_and_encryption_bounds" time="0.390" /><testcase classname="tests.test_knowledge_features" name="test_import_preserves_source_offsets_detail_and_exports" time="0.060" /><testcase classname="tests.test_knowledge_features" name="test_binary_import_via_api_retains_original[a.docx-docx_bytes-\u538b\u529b\u9608\u503c 12]" time="0.085" /><testcase classname="tests.test_knowledge_features" name="test_binary_import_via_api_retains_original[a.pdf-pdf_bytes-Pressure limit 12]" time="0.151" /><testcase classname="tests.test_knowledge_features" name="test_binary_import_via_api_retains_original[a.xlsx-xlsx_bytes-=1+2]" time="0.211" /><testcase classname="tests.test_knowledge_features" name="test_edits_are_immutable_current_versions_and_archival_is_reversible" time="0.079" /><testcase classname="tests.test_knowledge_features" name="test_persistent_index_reuses_unchanged_chunks_and_invalidates" time="0.198" /><testcase classname="tests.test_knowledge_features" name="test_grounded_answer_no_hit_never_calls_model_and_citations_are_matched" time="0.085" /><testcase classname="tests.test_knowledge_features" name="test_cross_project_and_readonly_denials" time="0.283" /><testcase classname="tests.test_knowledge_features" name="test_failed_import_and_index_quota_leave_no_partial_records" time="0.059" /><testcase classname="tests.test_knowledge_features" name="test_changed_documents_during_embedding_cannot_publish_stale_index" time="0.053" /><testcase classname="tests.test_knowledge_features" name="test_index_cache_is_scoped_to_project" time="0.070" /><testcase classname="tests.test_knowledge_features" name="test_invalid_embedding_values_do_not_publish_an_index[vector0]" time="0.061" /><testcase classname="tests.test_knowledge_features" name="test_invalid_embedding_values_do_not_publish_an_index[vector1]" time="0.055" /><testcase classname="tests.test_knowledge_features" name="test_invalid_embedding_values_do_not_publish_an_index[vector2]" time="0.051" /><testcase classname="tests.test_knowledge_features" name="test_archive_during_generation_blocks_stale_answer" time="0.065" /><testcase classname="tests.test_model_features" name="test_import_export_predictions_versions_and_persistence" time="0.081" /><testcase classname="tests.test_model_features" name="test_export_preserves_long_legacy_generated_model_names" time="0.053" /><testcase classname="tests.test_model_features" name="test_import_rejects_invalid_schema_before_persistence[&lt;lambda&gt;0]" time="0.052" /><testcase classname="tests.test_model_features" name="test_import_rejects_invalid_schema_before_persistence[&lt;lambda&gt;1]" time="0.226" /><testcase classname="tests.test_model_features" name="test_import_rejects_invalid_schema_before_persistence[&lt;lambda&gt;2]" time="0.050" /><testcase classname="tests.test_model_features" name="test_import_rejects_invalid_schema_before_persistence[&lt;lambda&gt;3]" time="0.049" /><testcase classname="tests.test_model_features" name="test_import_rejects_invalid_schema_before_persistence[&lt;lambda&gt;4]" time="0.054" /><testcase classname="tests.test_model_features" name="test_import_rejects_invalid_schema_before_persistence[&lt;lambda&gt;5]" time="0.054" /><testcase classname="tests.test_model_features" name="test_import_rejects_invalid_schema_before_persistence[&lt;lambda&gt;6]" time="0.050" /><testcase classname="tests.test_model_features" name="test_import_rejects_invalid_schema_before_persistence[&lt;lambda&gt;7]" time="0.063" /><testcase classname="tests.test_model_features" name="test_import_rejects_invalid_schema_before_persistence[&lt;lambda&gt;8]" time="0.050" /><testcase classname="tests.test_model_features" name="test_import_rejects_invalid_schema_before_persistence[&lt;lambda&gt;9]" time="0.055" /><testcase classname="tests.test_model_features" name="test_import_rejects_invalid_schema_before_persistence[&lt;lambda&gt;10]" time="0.059" /><testcase classname="tests.test_model_features" name="test_import_rejects_invalid_schema_before_persistence[&lt;lambda&gt;11]" time="0.060" /><testcase classname="tests.test_model_features" name="test_import_rejects_invalid_schema_before_persistence[&lt;lambda&gt;12]" time="0.274" /><testcase classname="tests.test_model_features" name="test_import_rejects_invalid_schema_before_persistence[&lt;lambda&gt;13]" time="0.063" /><testcase classname="tests.test_model_features" name="test_import_rejects_invalid_schema_before_persistence[&lt;lambda&gt;14]" time="0.054" /><testcase classname="tests.test_model_features" name="test_import_rejects_invalid_schema_before_persistence[&lt;lambda&gt;15]" time="0.061" /><testcase classname="tests.test_model_features" name="test_import_rejects_invalid_schema_before_persistence[&lt;lambda&gt;16]" time="0.053" /><testcase classname="tests.test_model_features" name="test_import_rejects_invalid_schema_before_persistence[&lt;lambda&gt;17]" time="0.052" /><testcase classname="tests.test_model_features" name="test_import_rejects_raw_nonfinite_json[nan]" time="0.049" /><testcase classname="tests.test_model_features" name="test_import_rejects_raw_nonfinite_json[inf]" time="0.051" /><testcase classname="tests.test_model_features" name="test_import_rejects_raw_nonfinite_json[-inf]" time="0.051" /><testcase classname="tests.test_model_features" name="test_import_rejects_ambiguous_class_labels[classes0]" time="0.046" /><testcase classname="tests.test_model_features" name="test_import_rejects_ambiguous_class_labels[classes1]" time="0.073" /><testcase classname="tests.test_model_features" name="test_import_rejects_ambiguous_class_labels[classes2]" time="0.046" /><testcase classname="tests.test_model_features" name="test_import_rejects_ambiguous_class_labels[classes3]" time="0.333" /><testcase classname="tests.test_model_features" name="test_import_rejects_ambiguous_class_labels[classes4]" time="0.062" /><testcase classname="tests.test_model_features" name="test_real_reevaluation_metrics_report_and_target_exclusion" time="0.062" /><testcase classname="tests.test_model_features" name="test_classification_evaluation_confusion_labels_and_escaping" time="0.071" /><testcase classname="tests.test_model_features" name="test_baseline_reuses_exact_dataset_config_and_evaluates_only_recorded_holdout" time="0.148" /><testcase classname="tests.test_model_features" name="test_comparison_uses_same_rows_and_is_atomic_when_one_model_fails" time="0.077" /><testcase classname="tests.test_model_features" name="test_deployment_statistics_are_measured_and_expiry_is_effective" time="0.082" /><testcase classname="tests.test_model_features" name="test_model_permissions_cross_project_denial_and_read_only_reports" time="0.085" /><testcase classname="tests.test_model_features" name="test_synthetic_protocol_chat_model_list_embeddings_and_secret_masking[ollama]" time="0.003" /><testcase classname="tests.test_model_features" name="test_synthetic_protocol_chat_model_list_embeddings_and_secret_masking[openai]" time="0.002" /><testcase classname="tests.test_model_features" name="test_synthetic_ollama_protocol_rejects_malformed_chat[body0]" time="0.001" /><testcase classname="tests.test_model_features" name="test_synthetic_ollama_protocol_rejects_malformed_chat[None]" time="0.001" /><testcase classname="tests.test_model_features" name="test_synthetic_ollama_protocol_rejects_malformed_chat[bad]" time="0.001" /><testcase classname="tests.test_model_features" name="test_synthetic_ollama_protocol_rejects_malformed_chat[body3]" time="0.001" /><testcase classname="tests.test_model_features" name="test_synthetic_ollama_protocol_rejects_malformed_chat[body4]" time="0.001" /><testcase classname="tests.test_model_features" name="test_synthetic_ollama_protocol_rejects_malformed_chat[body5]" time="0.001" /><testcase classname="tests.test_model_features" name="test_synthetic_ollama_protocol_rejects_malformed_chat[body6]" time="0.001" /><testcase classname="tests.test_model_features" name="test_synthetic_openai_protocol_rejects_embedding_shape_count_index_and_types[body0]" time="0.002" /><testcase classname="tests.test_model_features" name="test_synthetic_openai_protocol_rejects_embedding_shape_count_index_and_types[body1]" time="0.001" /><testcase classname="tests.test_model_features" name="test_synthetic_openai_protocol_rejects_embedding_shape_count_index_and_types[body2]" time="0.001" /><testcase classname="tests.test_model_features" name="test_synthetic_openai_protocol_rejects_embedding_shape_count_index_and_types[body3]" time="0.001" /><testcase classname="tests.test_model_features" name="test_synthetic_openai_protocol_rejects_embedding_shape_count_index_and_types[body4]" time="0.001" /><testcase classname="tests.test_model_features" name="test_synthetic_openai_protocol_rejects_embedding_shape_count_index_and_types[body5]" time="0.001" /><testcase classname="tests.test_model_features" name="test_synthetic_openai_protocol_rejects_embedding_shape_count_index_and_types[body6]" time="0.001" /><testcase classname="tests.test_model_features" name="test_synthetic_openai_protocol_rejects_embedding_shape_count_index_and_types[body7]" time="0.001" /><testcase classname="tests.test_model_features" name="test_synthetic_openai_protocol_rejects_embedding_shape_count_index_and_types[body8]" time="0.001" /><testcase classname="tests.test_model_features" name="test_synthetic_protocol_rejects_malformed_nonfinite_responses[{bad json]" time="0.001" /><testcase classname="tests.test_model_features" name="test_synthetic_protocol_rejects_malformed_nonfinite_responses[{&quot;embeddings&quot;:[[NaN]]}]" time="0.001" /><testcase classname="tests.test_model_features" name="test_synthetic_protocol_rejects_malformed_nonfinite_responses[{&quot;embeddings&quot;:[[1e9999]]}]" time="0.001" /><testcase classname="tests.test_model_features" name="test_synthetic_protocol_rejects_malformed_nonfinite_responses[{&quot;embeddings&quot;:[[Infinity]]}]" time="0.001" /><testcase classname="tests.test_model_features" name="test_synthetic_protocol_rejects_malformed_nonfinite_responses[{&quot;embeddings&quot;:[[true]]}]" time="0.001" /><testcase classname="tests.test_model_features" name="test_synthetic_protocol_bounded_size_redirect_timeout_and_total_deadline" time="0.005" /><testcase classname="tests.test_model_features" name="test_synthetic_protocol_enforces_cross_batch_dimensions" time="0.002" /><testcase classname="tests.test_model_features" name="test_model_endpoint_configuration_rejects_untrusted_shapes[file:///tmp/data]" time="0.001" /><testcase classname="tests.test_model_features" name="test_model_endpoint_configuration_rejects_untrusted_shapes[https://user:secret@host/v1]" time="0.000" /><testcase classname="tests.test_model_features" name="test_model_endpoint_configuration_rejects_untrusted_shapes[https://host/v1?key=secret]" time="0.000" /><testcase classname="tests.test_model_features" name="test_model_endpoint_configuration_rejects_untrusted_shapes[https://host/v1#fragment]" time="0.000" /><testcase classname="tests.test_model_features" name="test_model_endpoint_configuration_rejects_untrusted_shapes[https://host:99999/v1]" time="0.000" /><testcase classname="tests.test_model_features" name="test_synthetic_protocol_total_deadline_cancels_a_pending_response" time="1.003" /><testcase classname="tests.test_model_features" name="test_sync_connector_signature_also_works_inside_existing_event_loop" time="0.002" /><testcase classname="tests.test_model_features" name="test_synthetic_openai_protocol_rejects_malformed_chat[body0]" time="0.001" /><testcase classname="tests.test_model_features" name="test_synthetic_openai_protocol_rejects_malformed_chat[body1]" time="0.001" /><testcase classname="tests.test_model_features" name="test_synthetic_openai_protocol_rejects_malformed_chat[body2]" time="0.001" /><testcase classname="tests.test_model_features" name="test_synthetic_openai_protocol_rejects_malformed_chat[body3]" time="0.001" /><testcase classname="tests.test_model_features" name="test_synthetic_openai_protocol_rejects_malformed_chat[body4]" time="0.001" /><testcase classname="tests.test_model_features" name="test_synthetic_openai_protocol_rejects_malformed_chat[body5]" time="0.001" /><testcase classname="tests.test_model_features" name="test_synthetic_protocol_rejects_malformed_model_list[ollama-body0]" time="0.001" /><testcase classname="tests.test_model_features" name="test_synthetic_protocol_rejects_malformed_model_list[ollama-body1]" time="0.001" /><testcase classname="tests.test_model_features" name="test_synthetic_protocol_rejects_malformed_model_list[openai-body2]" time="0.001" /><testcase classname="tests.test_model_features" name="test_synthetic_protocol_rejects_malformed_model_list[openai-body3]" time="0.001" /><testcase classname="tests.test_model_features" name="test_model_services_api_masks_configuration_and_disallows_client_endpoints" time="0.087" /><testcase classname="tests.test_model_features" name="test_quota_failure_does_not_publish_model_or_comparison_records" time="0.085" /><testcase classname="tests.test_model_features" name="test_evaluation_rejects_unbounded_new_class_labels_before_persistence" time="0.358" /><testcase classname="tests.test_models" name="test_classification_trains_on_one_partition_and_scores_the_holdout" time="0.008" /><testcase classname="tests.test_models" name="test_regression_artifact_survives_strict_json_round_trip_and_predicts" time="0.002" /><testcase classname="tests.test_models" name="test_regression_rejects_nonfinite_metrics_derived_from_finite_inputs" time="0.001" /><testcase classname="tests.test_models" name="test_prediction_rejects_nonfinite_scores_derived_from_finite_inputs" time="0.002" /><testcase classname="tests.test_models" name="test_preprocessing_is_fitted_only_on_training_rows" time="0.002" /><testcase classname="tests.test_models" name="test_missing_numeric_features_are_imputed_for_training_and_prediction" time="0.002" /><testcase classname="tests.test_models" name="test_invalid_numeric_features_are_rejected[not-a-number]" time="0.000" /><testcase classname="tests.test_models" name="test_invalid_numeric_features_are_rejected[inf]" time="0.000" /><testcase classname="tests.test_models" name="test_invalid_numeric_features_are_rejected[nan]" time="0.000" /><testcase classname="tests.test_models" name="test_target_leakage_and_invalid_training_shapes_are_rejected" time="0.000" /><testcase classname="tests.test_models" name="test_classification_rejects_mixed_scalar_label_types_without_coercion" time="0.000" /><testcase classname="tests.test_models" name="test_homogeneous_integer_class_labels_survive_json_round_trip" time="0.008" /><testcase classname="tests.test_models" name="test_prediction_rejects_missing_artifact_features_and_malformed_artifacts" time="0.006" /><testcase classname="tests.test_models" name="test_prediction_of_no_rows_is_an_empty_result" time="0.006" /><testcase classname="tests.test_notebook_deploy" name="test_explicit_notebook_origin_with_auth_works_through_proxy" time="0.032" /><testcase classname="tests.test_notebook_deploy" name="test_notebook_origin_rejects_non_origin_configuration[https://user:secret@notebook.example]" time="0.001" /><testcase classname="tests.test_notebook_deploy" name="test_notebook_origin_rejects_non_origin_configuration[https://notebook.example/?token=secret]" time="0.001" /><testcase classname="tests.test_notebook_deploy" name="test_notebook_origin_rejects_non_origin_configuration[https://notebook.example/path]" time="0.001" /><testcase classname="tests.test_notebook_deploy" name="test_notebook_origin_rejects_non_origin_configuration[https://*.example]" time="0.001" /><testcase classname="tests.test_notebook_deploy" name="test_notebook_origin_rejects_non_origin_configuration[javascript:alert(1)]" time="0.001" /><testcase classname="tests.test_notebook_deploy" name="test_public_origin_never_enables_anonymous_admin" time="0.001" /><testcase classname="tests.test_notebook_deploy" name="test_runtime_identity_requires_authenticated_global_admin" time="0.050" /><testcase classname="tests.test_notebook_deploy" name="test_deployment_refuses_to_adopt_an_existing_unrelated_directory" time="0.002" /><testcase classname="tests.test_notebook_deploy" name="test_deployment_credentials_survive_rerun_and_remain_private" time="0.003" /><testcase classname="tests.test_notebook_deploy" name="test_stop_refuses_an_unrelated_live_process" time="0.001" /><testcase classname="tests.test_notebook_deploy" name="test_missing_torch_cannot_be_reported_as_gpu_pass" time="0.019" /><testcase classname="tests.test_notebook_deploy" name="test_incomplete_payload_returns_downloadable_failure_evidence" time="0.002" /><testcase classname="tests.test_operation_features" name="test_install_once_and_settings_update" time="0.088" /><testcase classname="tests.test_operation_features" name="test_settings_atomic_revision_and_quota_floors" time="0.094" /><testcase classname="tests.test_operation_features" name="test_operations_permissions_and_project_scope" time="0.171" /><testcase classname="tests.test_operation_features" name="test_audit_filter_time_pagination_and_formula_escape" time="0.105" /><testcase classname="tests.test_operation_features" name="test_real_host_metrics_and_sampling_interval" time="0.301" /><testcase classname="tests.test_operation_features" name="test_telemetry_retention_export_and_restart" time="0.138" /><testcase classname="tests.test_operation_features" name="test_alert_acknowledge_resolve_rearm_and_recovery" time="0.344" /><testcase classname="tests.test_operation_features" name="test_alert_rule_update_revision_limits_and_missing_metric" time="0.099" /><testcase classname="tests.test_operation_features" name="test_cross_project_references_are_rejected" time="0.095" /><testcase classname="tests.test_operation_features" name="test_backup_real_restore_script_rows_model_documents_and_audit" time="0.238" /><testcase classname="tests.test_operation_features" name="test_backup_rejects_active_jobs_and_corrupt_content" time="0.107" /><testcase classname="tests.test_operation_features" name="test_restore_rejects_archive_attacks[traversal]" time="0.160" /><testcase classname="tests.test_operation_features" name="test_restore_rejects_archive_attacks[absolute]" time="0.149" /><testcase classname="tests.test_operation_features" name="test_restore_rejects_archive_attacks[backslash]" time="0.142" /><testcase classname="tests.test_operation_features" name="test_restore_rejects_archive_attacks[symlink]" time="0.462" /><testcase classname="tests.test_operation_features" name="test_restore_rejects_archive_attacks[duplicate]" time="0.132" /><testcase classname="tests.test_operation_features" name="test_restore_rejects_archive_attacks[bomb]" time="0.144" /><testcase classname="tests.test_operation_features" name="test_restore_rejects_archive_attacks[hash]" time="0.099" /><testcase classname="tests.test_operation_features" name="test_restore_rejects_archive_attacks[extra]" time="0.119" /><testcase classname="tests.test_operation_features" name="test_restore_rejects_archive_attacks[missing_object]" time="0.115" /><testcase classname="tests.test_operation_features" name="test_restore_validates_audit_even_when_manifest_hash_is_recomputed" time="0.109" /><testcase classname="tests.test_operation_features" name="test_restore_never_overwrites_existing_data_or_symlinks" time="0.119" /><testcase classname="tests.test_operation_features" name="test_backup_missing_reference_and_symlink_content_rejected" time="0.333" /><testcase classname="tests.test_platform" name="test_health_empty_state_and_project" time="0.025" /><testcase classname="tests.test_platform" name="test_dataset_versions_export_and_audit" time="0.036" /><testcase classname="tests.test_platform" name="test_split_merge_disjoint_and_project_boundary" time="0.041" /><testcase classname="tests.test_platform" name="test_real_training_deployment_prediction" time="0.097" /><testcase classname="tests.test_platform" name="test_approval_stale_revision_rejected" time="0.040" /><testcase classname="tests.test_platform" name="test_bad_payloads_do_not_create_assets" time="0.080" /><testcase classname="tests.test_platform" name="test_restart_keeps_assets" time="0.045" /><testcase classname="tests.test_platform" name="test_identity_project_scope_and_reviewer" time="0.033" /><testcase classname="tests.test_platform" name="test_store_conflict_and_audit_tamper" time="0.004" /><testcase classname="tests.test_platform" name="test_storage_quota_and_immutable_data" time="0.028" /><testcase classname="tests.test_platform" name="test_local_mode_rejects_other_hosts_and_origins" time="0.020" /><testcase classname="tests.test_platform" name="test_interrupted_jobs_reconciled_on_start" time="0.024" /><testcase classname="tests.test_platform" name="test_expired_deployment_fails_closed" time="0.022" /><testcase classname="tests.test_review_regressions" name="test_overlapping_chunk_limit_rejects_before_memory_amplification" time="0.051" /><testcase classname="tests.test_review_regressions" name="test_malformed_graph_returns_client_error_without_writes[patch0]" time="0.025" /><testcase classname="tests.test_review_regressions" name="test_malformed_graph_returns_client_error_without_writes[patch1]" time="0.026" /><testcase classname="tests.test_review_regressions" name="test_malformed_graph_returns_client_error_without_writes[patch2]" time="0.025" /><testcase classname="tests.test_review_regressions" name="test_transfer_failure_rolls_back_clone_and_audit_then_retry_succeeds" time="0.036" /><testcase classname="tests.test_review_regressions" name="test_failed_workflow_decision_keeps_resumable_pending_state" time="0.112" /><testcase classname="tests.test_review_regressions" name="test_fast_approval_is_not_overwritten_when_worker_yields" time="0.079" /><testcase classname="tests.test_source_features" name="test_read_only_snapshot_cache_and_explicit_refresh" time="0.284" /><testcase classname="tests.test_source_features" name="test_source_catalog_does_not_reveal_connection_or_sql" time="0.073" /><testcase classname="tests.test_source_features" name="test_source_scope_and_parameter_validation" time="0.212" /><testcase classname="tests.test_source_features" name="test_rejects_non_read_queries_and_side_effect_functions[DELETE FROM inspections]" time="0.004" /><testcase classname="tests.test_source_features" name="test_rejects_non_read_queries_and_side_effect_functions[SELECT 1; DELETE FROM inspections]" time="0.001" /><testcase classname="tests.test_source_features" name="test_rejects_non_read_queries_and_side_effect_functions[WITH gone AS (DELETE FROM inspections RETURNING *) SELECT * FROM gone]" time="0.001" /><testcase classname="tests.test_source_features" name="test_rejects_non_read_queries_and_side_effect_functions[SELECT load_extension('/tmp/code')]" time="0.001" /><testcase classname="tests.test_source_features" name="test_rejects_non_read_queries_and_side_effect_functions[SELECT pg_sleep(10)]" time="0.001" /><testcase classname="tests.test_source_features" name="test_rejects_non_read_queries_and_side_effect_functions[SELECT * INTO copied FROM inspections]" time="0.000" /><testcase classname="tests.test_source_features" name="test_rejects_non_read_queries_and_side_effect_functions[PRAGMA writable_schema=ON]" time="0.001" /><testcase classname="tests.test_source_features" name="test_rejects_non_read_queries_and_side_effect_functions[ATTACH DATABASE '/tmp/other.db' AS other]" time="0.001" /><testcase classname="tests.test_source_features" name="test_select_literals_are_not_mistaken_for_write_statements" time="0.001" /><testcase classname="tests.test_source_features" name="test_read_limits_fail_without_persisting_partial_dataset" time="0.093" /><testcase classname="tests.test_source_features" name="test_changed_query_configuration_invalidates_cache" time="0.095" /><testcase classname="tests.test_source_features" name="test_read_only_role_cannot_materialize_snapshot" time="0.084" /><testcase classname="tests.test_source_features" name="test_connection_errors_do_not_expose_configured_secrets" time="0.579" /><testcase classname="tests.test_workflow_features" name="test_install_once_and_workflow_export_version_roundtrip" time="0.084" /><testcase classname="tests.test_workflow_features" name="test_branch_variables_iteration_and_output_dataset" time="0.113" /><testcase classname="tests.test_workflow_features" name="test_iteration_limits_and_expression_rejection" time="0.077" /><testcase classname="tests.test_workflow_features" name="test_pause_is_cooperative_persists_and_resume_finishes" time="0.196" /><testcase classname="tests.test_workflow_features" name="test_retry_preserves_approval_and_side_effect_checkpoint" time="0.207" /><testcase classname="tests.test_workflow_features" name="test_effect_checkpoint_failure_rolls_back_then_retry_creates_once" time="0.152" /><testcase classname="tests.test_workflow_features" name="test_cancel_and_reject_cannot_be_bypassed_by_retry" time="0.411" /><testcase classname="tests.test_workflow_features" name="test_eight_real_builtin_operations_and_history" time="0.232" /><testcase classname="tests.test_workflow_features" name="test_skill_publication_permissions_versioning_and_cross_project" time="0.100" /><testcase classname="tests.test_workflow_features" name="test_malicious_skill_packages_and_bounded_agent" time="0.100" /><testcase classname="tests.test_workflow_features" name="test_template_rejects_amplification_before_allocating_large_result" time="0.005" /><testcase classname="tests.test_workflow_features" name="test_paused_job_counts_against_current_project_quota" time="0.027" /><testcase classname="tests.test_workflow_features" name="test_cancel_running_cpu_workflow_does_not_register_later_output" time="0.045" /><testcase classname="tests.test_workflow_features" name="test_skill_versions_are_immutable_and_restart_reconciles_calls" time="0.070" /><testcase classname="tests.test_workflow_features" name="test_all_workflow_save_routes_reject_archived_fixed_dataset" time="0.074" /><testcase classname="tests.test_workflow_features" name="test_all_workflow_save_routes_reject_cross_project_fixed_assets" time="0.085" /><testcase classname="tests.test_workflow_features" name="test_workflow_create_and_import_reject_foreign_parent_without_writes" time="0.061" /><testcase classname="tests.test_workflow_features" name="test_workflow_save_serializes_active_check_with_concurrent_archive" time="0.269" /><testcase classname="tests.test_workflows" name="test_chunk_offsets_and_strategies" time="0.001" /><testcase classname="tests.test_workflows" name="test_knowledge_search_sources_and_isolation" time="0.302" /><testcase classname="tests.test_workflows" name="test_workflow_human_resume_persists" time="0.116" /><testcase classname="tests.test_workflows" name="test_cancel_waiting_workflow_blocks_later_approval" time="0.104" /><testcase classname="tests.test_workflows" name="test_workflow_rejects_invalid_graphs" time="0.033" /><testcase classname="tests.test_workflows" name="test_workflow_data_operations_and_cross_project_asset" time="0.083" /><testcase classname="tests.test_workflows" name="test_unconfigured_connector_is_honest" time="0.023" /><testcase classname="tests.test_workflows" name="test_invalid_node_options_rejected_before_execution" time="0.027" /><testcase classname="tests.test_workflows" name="test_waiting_job_survives_restart_and_can_resume" time="0.132" /><testcase classname="tests.test_workflows" name="test_active_job_quota_released_after_cancel" time="0.090" /></testsuite></testsuites>