<?xml version="1.0" encoding="utf-8"?><testsuites name="pytest tests"><testsuite name="pytest" errors="0" failures="0" skipped="0" tests="77" time="2.548" timestamp="2026-09-12T14:11:02.338058+08:00" hostname="localhost"><testcase classname="tests.test_data" name="test_parse_table_supports_csv_json_and_jsonl" time="0.001" /><testcase classname="tests.test_data" name="test_parse_table_rejects_unsupported_or_malformed_tables" time="0.000" /><testcase classname="tests.test_data" name="test_parse_table_rejects_header_only_csv_above_column_limit" time="0.000" /><testcase classname="tests.test_data" name="test_profile_reports_shape_missing_unique_and_inferred_types" time="0.000" /><testcase classname="tests.test_data" name="test_transform_executes_each_catalog_operation_without_mutating_input[operation0-expected0]" time="0.000" /><testcase classname="tests.test_data" name="test_transform_executes_each_catalog_operation_without_mutating_input[operation1-expected1]" time="0.000" /><testcase classname="tests.test_data" name="test_transform_executes_each_catalog_operation_without_mutating_input[operation2-expected2]" time="0.000" /><testcase classname="tests.test_data" name="test_transform_executes_each_catalog_operation_without_mutating_input[operation3-expected3]" time="0.000" /><testcase classname="tests.test_data" name="test_transform_executes_each_catalog_operation_without_mutating_input[operation4-expected4]" time="0.000" /><testcase classname="tests.test_data" name="test_transform_executes_each_catalog_operation_without_mutating_input[operation5-expected5]" time="0.000" /><testcase classname="tests.test_data" name="test_transform_executes_each_catalog_operation_without_mutating_input[operation6-expected6]" time="0.000" /><testcase classname="tests.test_data" name="test_transform_executes_each_catalog_operation_without_mutating_input[operation7-expected7]" time="0.000" /><testcase classname="tests.test_data" name="test_transform_executes_each_catalog_operation_without_mutating_input[operation8-expected8]" time="0.000" /><testcase classname="tests.test_data" name="test_transform_executes_each_catalog_operation_without_mutating_input[operation9-expected9]" time="0.000" /><testcase classname="tests.test_data" name="test_transform_drop_duplicates_keeps_the_first_matching_row" time="0.000" /><testcase classname="tests.test_data" name="test_transform_rejects_unknown_operations_fields_and_unsafe_comparisons" time="0.000" /><testcase classname="tests.test_data" name="test_transform_rejects_unexpected_keys_for_every_operation_schema[operation0]" time="0.000" /><testcase classname="tests.test_data" name="test_transform_rejects_unexpected_keys_for_every_operation_schema[operation1]" time="0.000" /><testcase classname="tests.test_data" name="test_transform_rejects_unexpected_keys_for_every_operation_schema[operation2]" time="0.000" /><testcase classname="tests.test_data" name="test_transform_rejects_unexpected_keys_for_every_operation_schema[operation3]" time="0.000" /><testcase classname="tests.test_data" name="test_transform_rejects_unexpected_keys_for_every_operation_schema[operation4]" time="0.000" /><testcase classname="tests.test_data" name="test_transform_rejects_unexpected_keys_for_every_operation_schema[operation5]" time="0.000" /><testcase classname="tests.test_data" name="test_transform_rejects_unexpected_keys_for_every_operation_schema[operation6]" time="0.000" /><testcase classname="tests.test_data" name="test_transform_rejects_unexpected_keys_for_every_operation_schema[operation7]" time="0.000" /><testcase classname="tests.test_data" name="test_transform_rejects_unexpected_keys_for_every_operation_schema[operation8]" time="0.000" /><testcase classname="tests.test_data" name="test_transform_rejects_unexpected_keys_for_every_operation_schema[operation9]" time="0.000" /><testcase classname="tests.test_data" name="test_transform_rejects_unexpected_keys_for_every_operation_schema[operation10]" time="0.000" /><testcase classname="tests.test_data" name="test_transform_rejects_non_string_filter_operator_with_value_error" time="0.000" /><testcase classname="tests.test_data" name="test_transform_rejects_explicit_null_optional_columns" time="0.000" /><testcase classname="tests.test_data" name="test_split_rows_is_seeded_complete_and_independent" time="0.000" /><testcase classname="tests.test_data" name="test_parse_archive_merges_only_supported_safe_tables" time="0.001" /><testcase classname="tests.test_data" name="test_parse_archive_rejects_traversal_symlinks_and_compression_bombs" time="0.006" /><testcase classname="tests.test_data" name="test_parse_archive_rejects_aggregate_tables_above_column_limit" time="0.001" /><testcase classname="tests.test_models" name="test_classification_trains_on_one_partition_and_scores_the_holdout" time="0.009" /><testcase classname="tests.test_models" name="test_regression_artifact_survives_strict_json_round_trip_and_predicts" time="0.002" /><testcase classname="tests.test_models" name="test_regression_rejects_nonfinite_metrics_derived_from_finite_inputs" time="0.001" /><testcase classname="tests.test_models" name="test_prediction_rejects_nonfinite_scores_derived_from_finite_inputs" time="0.002" /><testcase classname="tests.test_models" name="test_preprocessing_is_fitted_only_on_training_rows" time="0.002" /><testcase classname="tests.test_models" name="test_missing_numeric_features_are_imputed_for_training_and_prediction" time="0.002" /><testcase classname="tests.test_models" name="test_invalid_numeric_features_are_rejected[not-a-number]" time="0.000" /><testcase classname="tests.test_models" name="test_invalid_numeric_features_are_rejected[inf]" time="0.000" /><testcase classname="tests.test_models" name="test_invalid_numeric_features_are_rejected[nan]" time="0.000" /><testcase classname="tests.test_models" name="test_target_leakage_and_invalid_training_shapes_are_rejected" time="0.000" /><testcase classname="tests.test_models" name="test_classification_rejects_mixed_scalar_label_types_without_coercion" time="0.000" /><testcase classname="tests.test_models" name="test_homogeneous_integer_class_labels_survive_json_round_trip" time="0.005" /><testcase classname="tests.test_models" name="test_prediction_rejects_missing_artifact_features_and_malformed_artifacts" time="0.005" /><testcase classname="tests.test_models" name="test_prediction_of_no_rows_is_an_empty_result" time="0.005" /><testcase classname="tests.test_platform" name="test_health_empty_state_and_project" time="0.064" /><testcase classname="tests.test_platform" name="test_dataset_versions_export_and_audit" time="0.034" /><testcase classname="tests.test_platform" name="test_split_merge_disjoint_and_project_boundary" time="0.040" /><testcase classname="tests.test_platform" name="test_real_training_deployment_prediction" time="0.091" /><testcase classname="tests.test_platform" name="test_approval_stale_revision_rejected" time="0.029" /><testcase classname="tests.test_platform" name="test_bad_payloads_do_not_create_assets" time="0.026" /><testcase classname="tests.test_platform" name="test_restart_keeps_assets" time="0.050" /><testcase classname="tests.test_platform" name="test_identity_project_scope_and_reviewer" time="0.031" /><testcase classname="tests.test_platform" name="test_store_conflict_and_audit_tamper" time="0.004" /><testcase classname="tests.test_platform" name="test_storage_quota_and_immutable_data" time="0.029" /><testcase classname="tests.test_platform" name="test_local_mode_rejects_other_hosts_and_origins" time="0.019" /><testcase classname="tests.test_platform" name="test_interrupted_jobs_reconciled_on_start" time="0.022" /><testcase classname="tests.test_platform" name="test_expired_deployment_fails_closed" time="0.024" /><testcase classname="tests.test_review_regressions" name="test_overlapping_chunk_limit_rejects_before_memory_amplification" time="0.119" /><testcase classname="tests.test_review_regressions" name="test_malformed_graph_returns_client_error_without_writes[patch0]" time="0.024" /><testcase classname="tests.test_review_regressions" name="test_malformed_graph_returns_client_error_without_writes[patch1]" time="0.023" /><testcase classname="tests.test_review_regressions" name="test_malformed_graph_returns_client_error_without_writes[patch2]" time="0.023" /><testcase classname="tests.test_review_regressions" name="test_transfer_failure_rolls_back_clone_and_audit_then_retry_succeeds" time="0.033" /><testcase classname="tests.test_review_regressions" name="test_failed_workflow_decision_keeps_resumable_pending_state" time="0.100" /><testcase classname="tests.test_review_regressions" name="test_fast_approval_is_not_overwritten_when_worker_yields" time="0.073" /><testcase classname="tests.test_workflows" name="test_chunk_offsets_and_strategies" time="0.001" /><testcase classname="tests.test_workflows" name="test_knowledge_search_sources_and_isolation" time="0.035" /><testcase classname="tests.test_workflows" name="test_workflow_human_resume_persists" time="0.110" /><testcase classname="tests.test_workflows" name="test_cancel_waiting_workflow_blocks_later_approval" time="0.070" /><testcase classname="tests.test_workflows" name="test_workflow_rejects_invalid_graphs" time="0.039" /><testcase classname="tests.test_workflows" name="test_workflow_data_operations_and_cross_project_asset" time="0.106" /><testcase classname="tests.test_workflows" name="test_unconfigured_connector_is_honest" time="0.022" /><testcase classname="tests.test_workflows" name="test_invalid_node_options_rejected_before_execution" time="0.023" /><testcase classname="tests.test_workflows" name="test_waiting_job_survives_restart_and_can_resume" time="0.124" /><testcase classname="tests.test_workflows" name="test_active_job_quota_released_after_cancel" time="0.078" /></testsuite></testsuites>